[26-Sep-2016 22:05:37 UTC] PHP Deprecated:  Methods with the same name as their class will not be constructors in a future version of PHP; WP_Import has a deprecated constructor in /srv/www/citystudio/htdocs/wp-content/plugins/wordpress-importer/wordpress-importer.php on line 38
[27-Sep-2016 05:03:54 UTC] PHP Parse error:  syntax error, unexpected '===' (T_IS_IDENTICAL), expecting end of file in /srv/www/citystudio/htdocs/wp-content/themes/citystudio/home.php on line 9
[27-Sep-2016 05:03:59 UTC] PHP Parse error:  syntax error, unexpected '===' (T_IS_IDENTICAL), expecting end of file in /srv/www/citystudio/htdocs/wp-content/themes/citystudio/home.php on line 9
[27-Sep-2016 06:12:27 UTC] PHP Warning:  mysqli_real_connect(): (HY000/1045): Access denied for user 'wp'@'localhost' (using password: YES) in /Applications/MAMP/htdocs/citystudio-winter-2016/wp-includes/wp-db.php on line 1529
[27-Sep-2016 06:12:50 UTC] PHP Deprecated:  Methods with the same name as their class will not be constructors in a future version of PHP; WP_Import has a deprecated constructor in /Applications/MAMP/htdocs/citystudio-winter-2016/wp-content/plugins/wordpress-importer/wordpress-importer.php on line 38
[27-Sep-2016 06:12:51 UTC] PHP Deprecated:  Methods with the same name as their class will not be constructors in a future version of PHP; WP_Import has a deprecated constructor in /Applications/MAMP/htdocs/citystudio-winter-2016/wp-content/plugins/wordpress-importer/wordpress-importer.php on line 38
[27-Sep-2016 06:25:32 UTC] PHP Deprecated:  Methods with the same name as their class will not be constructors in a future version of PHP; WP_Import has a deprecated constructor in /Applications/MAMP/htdocs/citystudio-winter-2016/wp-content/plugins/wordpress-importer/wordpress-importer.php on line 38
[27-Sep-2016 06:25:34 UTC] PHP Deprecated:  Methods with the same name as their class will not be constructors in a future version of PHP; WP_Import has a deprecated constructor in /Applications/MAMP/htdocs/citystudio-winter-2016/wp-content/plugins/wordpress-importer/wordpress-importer.php on line 38
[27-Sep-2016 06:25:57 UTC] PHP Deprecated:  Methods with the same name as their class will not be constructors in a future version of PHP; WP_Import has a deprecated constructor in /Applications/MAMP/htdocs/citystudio-winter-2016/wp-content/plugins/wordpress-importer/wordpress-importer.php on line 38
[27-Sep-2016 06:25:58 UTC] PHP Deprecated:  Methods with the same name as their class will not be constructors in a future version of PHP; WP_Import has a deprecated constructor in /Applications/MAMP/htdocs/citystudio-winter-2016/wp-content/plugins/wordpress-importer/wordpress-importer.php on line 38
[27-Sep-2016 07:07:52 UTC] PHP Deprecated:  Methods with the same name as their class will not be constructors in a future version of PHP; WP_Import has a deprecated constructor in /Applications/MAMP/htdocs/citystudio-winter-2016/wp-content/plugins/wordpress-importer/wordpress-importer.php on line 38
[27-Sep-2016 07:07:53 UTC] PHP Deprecated:  Methods with the same name as their class will not be constructors in a future version of PHP; WP_Import has a deprecated constructor in /Applications/MAMP/htdocs/citystudio-winter-2016/wp-content/plugins/wordpress-importer/wordpress-importer.php on line 38
[27-Sep-2016 07:07:53 UTC] PHP Deprecated:  Methods with the same name as their class will not be constructors in a future version of PHP; WP_Import has a deprecated constructor in /Applications/MAMP/htdocs/citystudio-winter-2016/wp-content/plugins/wordpress-importer/wordpress-importer.php on line 38
[27-Sep-2016 07:07:53 UTC] PHP Parse error:  syntax error, unexpected '===' (T_IS_IDENTICAL), expecting end of file in /Applications/MAMP/htdocs/citystudio-winter-2016/wp-content/themes/citystudio/home.php on line 9
[27-Sep-2016 07:07:54 UTC] PHP Deprecated:  Methods with the same name as their class will not be constructors in a future version of PHP; WP_Import has a deprecated constructor in /Applications/MAMP/htdocs/citystudio-winter-2016/wp-content/plugins/wordpress-importer/wordpress-importer.php on line 38
[27-Sep-2016 07:07:55 UTC] PHP Deprecated:  Methods with the same name as their class will not be constructors in a future version of PHP; WP_Import has a deprecated constructor in /Applications/MAMP/htdocs/citystudio-winter-2016/wp-content/plugins/wordpress-importer/wordpress-importer.php on line 38
[27-Sep-2016 07:07:55 UTC] PHP Parse error:  syntax error, unexpected '===' (T_IS_IDENTICAL), expecting end of file in /Applications/MAMP/htdocs/citystudio-winter-2016/wp-content/themes/citystudio/home.php on line 9
[27-Sep-2016 07:08:15 UTC] PHP Deprecated:  Methods with the same name as their class will not be constructors in a future version of PHP; WP_Import has a deprecated constructor in /Applications/MAMP/htdocs/citystudio-winter-2016/wp-content/plugins/wordpress-importer/wordpress-importer.php on line 38
[27-Sep-2016 07:08:15 UTC] PHP Deprecated:  Methods with the same name as their class will not be constructors in a future version of PHP; WP_Import has a deprecated constructor in /Applications/MAMP/htdocs/citystudio-winter-2016/wp-content/plugins/wordpress-importer/wordpress-importer.php on line 38
[27-Sep-2016 07:08:36 UTC] PHP Deprecated:  Methods with the same name as their class will not be constructors in a future version of PHP; WP_Import has a deprecated constructor in /Applications/MAMP/htdocs/citystudio-winter-2016/wp-content/plugins/wordpress-importer/wordpress-importer.php on line 38
[27-Sep-2016 07:08:37 UTC] PHP Deprecated:  Methods with the same name as their class will not be constructors in a future version of PHP; WP_Import has a deprecated constructor in /Applications/MAMP/htdocs/citystudio-winter-2016/wp-content/plugins/wordpress-importer/wordpress-importer.php on line 38
[27-Sep-2016 07:08:37 UTC] PHP Parse error:  syntax error, unexpected '===' (T_IS_IDENTICAL), expecting end of file in /Applications/MAMP/htdocs/citystudio-winter-2016/wp-content/themes/citystudio/home.php on line 9
[27-Sep-2016 07:08:43 UTC] PHP Deprecated:  Methods with the same name as their class will not be constructors in a future version of PHP; WP_Import has a deprecated constructor in /Applications/MAMP/htdocs/citystudio-winter-2016/wp-content/plugins/wordpress-importer/wordpress-importer.php on line 38
[27-Sep-2016 07:08:44 UTC] PHP Deprecated:  Methods with the same name as their class will not be constructors in a future version of PHP; WP_Import has a deprecated constructor in /Applications/MAMP/htdocs/citystudio-winter-2016/wp-content/plugins/wordpress-importer/wordpress-importer.php on line 38
[27-Sep-2016 07:08:44 UTC] PHP Parse error:  syntax error, unexpected '===' (T_IS_IDENTICAL), expecting end of file in /Applications/MAMP/htdocs/citystudio-winter-2016/wp-content/themes/citystudio/home.php on line 9
[27-Sep-2016 07:08:45 UTC] PHP Deprecated:  Methods with the same name as their class will not be constructors in a future version of PHP; WP_Import has a deprecated constructor in /Applications/MAMP/htdocs/citystudio-winter-2016/wp-content/plugins/wordpress-importer/wordpress-importer.php on line 38
[27-Sep-2016 07:08:46 UTC] PHP Deprecated:  Methods with the same name as their class will not be constructors in a future version of PHP; WP_Import has a deprecated constructor in /Applications/MAMP/htdocs/citystudio-winter-2016/wp-content/plugins/wordpress-importer/wordpress-importer.php on line 38
[27-Sep-2016 07:09:26 UTC] PHP Deprecated:  Methods with the same name as their class will not be constructors in a future version of PHP; WP_Import has a deprecated constructor in /Applications/MAMP/htdocs/citystudio-winter-2016/wp-content/plugins/wordpress-importer/wordpress-importer.php on line 38
[27-Sep-2016 07:09:27 UTC] PHP Deprecated:  Methods with the same name as their class will not be constructors in a future version of PHP; WP_Import has a deprecated constructor in /Applications/MAMP/htdocs/citystudio-winter-2016/wp-content/plugins/wordpress-importer/wordpress-importer.php on line 38
[27-Sep-2016 07:09:29 UTC] PHP Deprecated:  Methods with the same name as their class will not be constructors in a future version of PHP; WP_Import has a deprecated constructor in /Applications/MAMP/htdocs/citystudio-winter-2016/wp-content/plugins/wordpress-importer/wordpress-importer.php on line 38
[27-Sep-2016 07:09:30 UTC] PHP Deprecated:  Methods with the same name as their class will not be constructors in a future version of PHP; WP_Import has a deprecated constructor in /Applications/MAMP/htdocs/citystudio-winter-2016/wp-content/plugins/wordpress-importer/wordpress-importer.php on line 38
[27-Sep-2016 07:09:49 UTC] PHP Deprecated:  Methods with the same name as their class will not be constructors in a future version of PHP; WP_Import has a deprecated constructor in /Applications/MAMP/htdocs/citystudio-winter-2016/wp-content/plugins/wordpress-importer/wordpress-importer.php on line 38
[27-Sep-2016 07:09:49 UTC] PHP Deprecated:  Methods with the same name as their class will not be constructors in a future version of PHP; WP_Import has a deprecated constructor in /Applications/MAMP/htdocs/citystudio-winter-2016/wp-content/plugins/wordpress-importer/wordpress-importer.php on line 38
